
    
<-<-<================================================================================>->->
    Logging by leekslazylogger v3.0.1 by eartharoid (http://leeks.js.org/logger)
    Spigot Scrapper (Node v14.16.0 on 'Windows')
    Thursday, 11th March 2021, 16:47 PM (Europe/London) -->
    Time format: 'HH:mm:ss'
<-<-<================================================================================>->->


[16:49:19 | INFO] 200 GET / (0.027 ms)

    
<-<-<================================================================================>->->
    Logging by leekslazylogger v3.0.1 by eartharoid (http://leeks.js.org/logger)
    Spigot Scrapper (Node v14.16.0 on 'Windows')
    Thursday, 11th March 2021, 16:49 PM (Europe/London) -->
    Time format: 'HH:mm:ss'
<-<-<================================================================================>->->


[16:49:48 | INFO] 200 GET / (0.028 ms)

    
<-<-<================================================================================>->->
    Logging by leekslazylogger v3.0.1 by eartharoid (http://leeks.js.org/logger)
    Spigot Scrapper (Node v14.16.0 on 'Windows')
    Thursday, 11th March 2021, 16:50 PM (Europe/London) -->
    Time format: 'HH:mm:ss'
<-<-<================================================================================>->->



    
<-<-<================================================================================>->->
    Logging by leekslazylogger v3.0.1 by eartharoid (http://leeks.js.org/logger)
    Spigot Scrapper (Node v14.16.0 on 'Windows')
    Thursday, 11th March 2021, 16:57 PM (Europe/London) -->
    Time format: 'HH:mm:ss'
<-<-<================================================================================>->->



    
<-<-<================================================================================>->->
    Logging by leekslazylogger v3.0.1 by eartharoid (http://leeks.js.org/logger)
    Spigot Scrapper (Node v14.16.0 on 'Windows')
    Thursday, 11th March 2021, 17:10 PM (Europe/London) -->
    Time format: 'HH:mm:ss'
<-<-<================================================================================>->->



    
<-<-<================================================================================>->->
    Logging by leekslazylogger v3.0.1 by eartharoid (http://leeks.js.org/logger)
    Spigot Scrapper (Node v14.16.0 on 'Windows')
    Thursday, 11th March 2021, 17:12 PM (Europe/London) -->
    Time format: 'HH:mm:ss'
<-<-<================================================================================>->->



    
<-<-<================================================================================>->->
    Logging by leekslazylogger v3.0.1 by eartharoid (http://leeks.js.org/logger)
    Spigot Scrapper (Node v14.16.0 on 'Windows')
    Thursday, 11th March 2021, 17:14 PM (Europe/London) -->
    Time format: 'HH:mm:ss'
<-<-<================================================================================>->->



    
<-<-<================================================================================>->->
    Logging by leekslazylogger v3.0.1 by eartharoid (http://leeks.js.org/logger)
    Spigot Scrapper (Node v14.16.0 on 'Windows')
    Thursday, 11th March 2021, 17:14 PM (Europe/London) -->
    Time format: 'HH:mm:ss'
<-<-<================================================================================>->->



    
<-<-<================================================================================>->->
    Logging by leekslazylogger v3.0.1 by eartharoid (http://leeks.js.org/logger)
    My express server (Node v14.16.0 on 'Windows')
    Thursday, 11th March 2021, 17:22 PM (Europe/London) -->
    Time format: 'HH:mm:ss'
<-<-<================================================================================>->->



    
<-<-<================================================================================>->->
    Logging by leekslazylogger v3.0.1 by eartharoid (http://leeks.js.org/logger)
    My express server (Node v14.16.0 on 'Windows')
    Thursday, 11th March 2021, 17:23 PM (Europe/London) -->
    Time format: 'HH:mm:ss'
<-<-<================================================================================>->->



    
<-<-<================================================================================>->->
    Logging by leekslazylogger v3.0.1 by eartharoid (http://leeks.js.org/logger)
    My express server (Node v14.16.0 on 'Windows')
    Thursday, 11th March 2021, 17:32 PM (Europe/London) -->
    Time format: 'HH:mm:ss'
<-<-<================================================================================>->->


[17:32:09 | INFO] 200 GET / (0.026 ms)
[17:32:20 | INFO] 200 GET /v1/post/bedwars (0.004 ms)

    
<-<-<================================================================================>->->
    Logging by leekslazylogger v3.0.1 by eartharoid (http://leeks.js.org/logger)
    My express server (Node v14.16.0 on 'Windows')
    Thursday, 11th March 2021, 17:34 PM (Europe/London) -->
    Time format: 'HH:mm:ss'
<-<-<================================================================================>->->



    
<-<-<================================================================================>->->
    Logging by leekslazylogger v3.0.1 by eartharoid (http://leeks.js.org/logger)
    My express server (Node v14.16.0 on 'Windows')
    Thursday, 11th March 2021, 17:35 PM (Europe/London) -->
    Time format: 'HH:mm:ss'
<-<-<================================================================================>->->


[17:36:02 | INFO] 404 POST /v1//bedwars (0.04 ms)

    
<-<-<================================================================================>->->
    Logging by leekslazylogger v3.0.1 by eartharoid (http://leeks.js.org/logger)
    My express server (Node v14.16.0 on 'Windows')
    Thursday, 11th March 2021, 17:37 PM (Europe/London) -->
    Time format: 'HH:mm:ss'
<-<-<================================================================================>->->


[17:37:23 | INFO] 404 POST /v1//bedwars (0.026 ms)
[17:37:26 | INFO] 404 POST /v1/fuckmedaddy/bedwars (0.006 ms)

    
<-<-<================================================================================>->->
    Logging by leekslazylogger v3.0.1 by eartharoid (http://leeks.js.org/logger)
    My express server (Node v14.16.0 on 'Windows')
    Thursday, 11th March 2021, 17:39 PM (Europe/London) -->
    Time format: 'HH:mm:ss'
<-<-<================================================================================>->->


[17:39:39 | INFO] 404 POST /v1/bedwars (0.027 ms)

    
<-<-<================================================================================>->->
    Logging by leekslazylogger v3.0.1 by eartharoid (http://leeks.js.org/logger)
    My express server (Node v14.16.0 on 'Windows')
    Thursday, 11th March 2021, 17:40 PM (Europe/London) -->
    Time format: 'HH:mm:ss'
<-<-<================================================================================>->->


[17:40:30 | INFO] 404 POST /v1/bedwars (0.025 ms)
[17:40:53 | INFO] 404 POST /v1/bedwars (0.004 ms)

    
<-<-<================================================================================>->->
    Logging by leekslazylogger v3.0.1 by eartharoid (http://leeks.js.org/logger)
    My express server (Node v14.16.0 on 'Windows')
    Thursday, 11th March 2021, 17:40 PM (Europe/London) -->
    Time format: 'HH:mm:ss'
<-<-<================================================================================>->->


[17:40:59 | INFO] 200 POST /v1/bedwars (0.05 ms)

    
<-<-<================================================================================>->->
    Logging by leekslazylogger v3.0.1 by eartharoid (http://leeks.js.org/logger)
    My express server (Node v14.16.0 on 'Windows')
    Thursday, 11th March 2021, 17:41 PM (Europe/London) -->
    Time format: 'HH:mm:ss'
<-<-<================================================================================>->->



    
<-<-<================================================================================>->->
    Logging by leekslazylogger v3.0.1 by eartharoid (http://leeks.js.org/logger)
    My express server (Node v14.16.0 on 'Windows')
    Thursday, 11th March 2021, 17:42 PM (Europe/London) -->
    Time format: 'HH:mm:ss'
<-<-<================================================================================>->->


[17:42:30 | INFO] 404 GET /search (0.026 ms)
[17:42:37 | INFO] 200 POST /v1/bedwars (0.008 ms)

    
<-<-<================================================================================>->->
    Logging by leekslazylogger v3.0.1 by eartharoid (http://leeks.js.org/logger)
    My express server (Node v14.16.0 on 'Windows')
    Thursday, 11th March 2021, 17:42 PM (Europe/London) -->
    Time format: 'HH:mm:ss'
<-<-<================================================================================>->->


[17:42:51 | INFO] 404 POST /v1/bedwars (0.038 ms)
[17:43:45 | INFO] 404 GET /v1/bw (0.004 ms)

    
<-<-<================================================================================>->->
    Logging by leekslazylogger v3.0.1 by eartharoid (http://leeks.js.org/logger)
    My express server (Node v14.16.0 on 'Windows')
    Thursday, 11th March 2021, 17:44 PM (Europe/London) -->
    Time format: 'HH:mm:ss'
<-<-<================================================================================>->->


[17:45:16 | INFO] 200 GET /bw (0.044 ms)

    
<-<-<================================================================================>->->
    Logging by leekslazylogger v3.0.1 by eartharoid (http://leeks.js.org/logger)
    My express server (Node v14.16.0 on 'Windows')
    Thursday, 11th March 2021, 17:45 PM (Europe/London) -->
    Time format: 'HH:mm:ss'
<-<-<================================================================================>->->


[17:45:20 | INFO] 200 GET /bw (0.052 ms)

    
<-<-<================================================================================>->->
    Logging by leekslazylogger v3.0.1 by eartharoid (http://leeks.js.org/logger)
    My express server (Node v14.16.0 on 'Windows')
    Thursday, 11th March 2021, 17:46 PM (Europe/London) -->
    Time format: 'HH:mm:ss'
<-<-<================================================================================>->->


[17:46:36 | INFO] 200 GET /bw (0.027 ms)
[17:46:41 | INFO] 200 GET /bw (0.006 ms)

    
<-<-<================================================================================>->->
    Logging by leekslazylogger v3.0.1 by eartharoid (http://leeks.js.org/logger)
    My express server (Node v14.16.0 on 'Windows')
    Thursday, 11th March 2021, 17:55 PM (Europe/London) -->
    Time format: 'HH:mm:ss'
<-<-<================================================================================>->->



    
<-<-<================================================================================>->->
    Logging by leekslazylogger v3.0.1 by eartharoid (http://leeks.js.org/logger)
    My express server (Node v14.16.0 on 'Windows')
    Thursday, 11th March 2021, 17:59 PM (Europe/London) -->
    Time format: 'HH:mm:ss'
<-<-<================================================================================>->->



    
<-<-<================================================================================>->->
    Logging by leekslazylogger v3.0.1 by eartharoid (http://leeks.js.org/logger)
    My express server (Node v14.16.0 on 'Windows')
    Thursday, 11th March 2021, 18:21 PM (Europe/London) -->
    Time format: 'HH:mm:ss'
<-<-<================================================================================>->->



    
<-<-<================================================================================>->->
    Logging by leekslazylogger v3.0.1 by eartharoid (http://leeks.js.org/logger)
    My express server (Node v14.16.0 on 'Windows')
    Thursday, 11th March 2021, 18:26 PM (Europe/London) -->
    Time format: 'HH:mm:ss'
<-<-<================================================================================>->->



    
<-<-<================================================================================>->->
    Logging by leekslazylogger v3.0.1 by eartharoid (http://leeks.js.org/logger)
    My express server (Node v14.16.0 on 'Windows')
    Thursday, 11th March 2021, 18:26 PM (Europe/London) -->
    Time format: 'HH:mm:ss'
<-<-<================================================================================>->->


[18:26:57 | INFO] 500 GET /bw (0.026 ms)

    
<-<-<================================================================================>->->
    Logging by leekslazylogger v3.0.1 by eartharoid (http://leeks.js.org/logger)
    My express server (Node v14.16.0 on 'Windows')
    Thursday, 11th March 2021, 18:27 PM (Europe/London) -->
    Time format: 'HH:mm:ss'
<-<-<================================================================================>->->


[18:27:19 | INFO] 500 GET /bw (0.026 ms)

    
<-<-<================================================================================>->->
    Logging by leekslazylogger v3.0.1 by eartharoid (http://leeks.js.org/logger)
    My express server (Node v14.16.0 on 'Windows')
    Thursday, 11th March 2021, 18:27 PM (Europe/London) -->
    Time format: 'HH:mm:ss'
<-<-<================================================================================>->->


[18:27:57 | INFO] 500 GET /bw (0.026 ms)

    
<-<-<================================================================================>->->
    Logging by leekslazylogger v3.0.1 by eartharoid (http://leeks.js.org/logger)
    My express server (Node v14.16.0 on 'Windows')
    Thursday, 11th March 2021, 18:29 PM (Europe/London) -->
    Time format: 'HH:mm:ss'
<-<-<================================================================================>->->


[18:29:40 | INFO] 500 GET /bw (0.036 ms)

    
<-<-<================================================================================>->->
    Logging by leekslazylogger v3.0.1 by eartharoid (http://leeks.js.org/logger)
    My express server (Node v14.16.0 on 'Windows')
    Thursday, 11th March 2021, 18:35 PM (Europe/London) -->
    Time format: 'HH:mm:ss'
<-<-<================================================================================>->->


[18:35:55 | INFO] 500 GET /bw (0.031 ms)

    
<-<-<================================================================================>->->
    Logging by leekslazylogger v3.0.1 by eartharoid (http://leeks.js.org/logger)
    My express server (Node v14.16.0 on 'Windows')
    Thursday, 11th March 2021, 18:38 PM (Europe/London) -->
    Time format: 'HH:mm:ss'
<-<-<================================================================================>->->


[18:38:52 | INFO] 500 GET /bw (0.027 ms)

    
<-<-<================================================================================>->->
    Logging by leekslazylogger v3.0.1 by eartharoid (http://leeks.js.org/logger)
    My express server (Node v14.16.0 on 'Windows')
    Thursday, 11th March 2021, 18:39 PM (Europe/London) -->
    Time format: 'HH:mm:ss'
<-<-<================================================================================>->->



    
<-<-<================================================================================>->->
    Logging by leekslazylogger v3.0.1 by eartharoid (http://leeks.js.org/logger)
    My express server (Node v14.16.0 on 'Windows')
    Thursday, 11th March 2021, 18:40 PM (Europe/London) -->
    Time format: 'HH:mm:ss'
<-<-<================================================================================>->->


[18:41:23 | INFO] 200 GET /bw (0.029 ms)

    
<-<-<================================================================================>->->
    Logging by leekslazylogger v3.0.1 by eartharoid (http://leeks.js.org/logger)
    My express server (Node v14.16.0 on 'Windows')
    Thursday, 11th March 2021, 18:41 PM (Europe/London) -->
    Time format: 'HH:mm:ss'
<-<-<================================================================================>->->



    
<-<-<================================================================================>->->
    Logging by leekslazylogger v3.0.1 by eartharoid (http://leeks.js.org/logger)
    My express server (Node v14.16.0 on 'Windows')
    Thursday, 11th March 2021, 18:43 PM (Europe/London) -->
    Time format: 'HH:mm:ss'
<-<-<================================================================================>->->


[18:45:16 | INFO] 200 GET /bw (0.033 ms)
[18:45:17 | INFO] 200 GET /bw (0.009 ms)

    
<-<-<================================================================================>->->
    Logging by leekslazylogger v3.0.1 by eartharoid (http://leeks.js.org/logger)
    My express server (Node v14.16.0 on 'Windows')
    Thursday, 11th March 2021, 18:45 PM (Europe/London) -->
    Time format: 'HH:mm:ss'
<-<-<================================================================================>->->


[18:45:42 | INFO] 200 GET /bw (0.052 ms)

    
<-<-<================================================================================>->->
    Logging by leekslazylogger v3.0.1 by eartharoid (http://leeks.js.org/logger)
    My express server (Node v14.16.0 on 'Windows')
    Thursday, 11th March 2021, 18:49 PM (Europe/London) -->
    Time format: 'HH:mm:ss'
<-<-<================================================================================>->->



    
<-<-<================================================================================>->->
    Logging by leekslazylogger v3.0.1 by eartharoid (http://leeks.js.org/logger)
    My express server (Node v14.16.0 on 'Windows')
    Thursday, 11th March 2021, 18:50 PM (Europe/London) -->
    Time format: 'HH:mm:ss'
<-<-<================================================================================>->->



    
<-<-<================================================================================>->->
    Logging by leekslazylogger v3.0.1 by eartharoid (http://leeks.js.org/logger)
    My express server (Node v14.16.0 on 'Windows')
    Thursday, 11th March 2021, 18:51 PM (Europe/London) -->
    Time format: 'HH:mm:ss'
<-<-<================================================================================>->->



    
<-<-<================================================================================>->->
    Logging by leekslazylogger v3.0.1 by eartharoid (http://leeks.js.org/logger)
    My express server (Node v14.16.0 on 'Windows')
    Thursday, 11th March 2021, 18:52 PM (Europe/London) -->
    Time format: 'HH:mm:ss'
<-<-<================================================================================>->->



    
<-<-<================================================================================>->->
    Logging by leekslazylogger v3.0.1 by eartharoid (http://leeks.js.org/logger)
    My express server (Node v14.16.0 on 'Windows')
    Thursday, 11th March 2021, 18:53 PM (Europe/London) -->
    Time format: 'HH:mm:ss'
<-<-<================================================================================>->->



    
<-<-<================================================================================>->->
    Logging by leekslazylogger v3.0.1 by eartharoid (http://leeks.js.org/logger)
    My express server (Node v14.16.0 on 'Windows')
    Thursday, 11th March 2021, 18:54 PM (Europe/London) -->
    Time format: 'HH:mm:ss'
<-<-<================================================================================>->->



    
<-<-<================================================================================>->->
    Logging by leekslazylogger v3.0.1 by eartharoid (http://leeks.js.org/logger)
    My express server (Node v14.16.0 on 'Windows')
    Thursday, 11th March 2021, 18:54 PM (Europe/London) -->
    Time format: 'HH:mm:ss'
<-<-<================================================================================>->->



    
<-<-<================================================================================>->->
    Logging by leekslazylogger v3.0.1 by eartharoid (http://leeks.js.org/logger)
    My express server (Node v14.16.0 on 'Windows')
    Thursday, 11th March 2021, 18:57 PM (Europe/London) -->
    Time format: 'HH:mm:ss'
<-<-<================================================================================>->->



    
<-<-<================================================================================>->->
    Logging by leekslazylogger v3.0.1 by eartharoid (http://leeks.js.org/logger)
    My express server (Node v14.16.0 on 'Windows')
    Thursday, 11th March 2021, 18:59 PM (Europe/London) -->
    Time format: 'HH:mm:ss'
<-<-<================================================================================>->->



    
<-<-<================================================================================>->->
    Logging by leekslazylogger v3.0.1 by eartharoid (http://leeks.js.org/logger)
    My express server (Node v14.16.0 on 'Windows')
    Thursday, 11th March 2021, 19:05 PM (Europe/London) -->
    Time format: 'HH:mm:ss'
<-<-<================================================================================>->->



    
<-<-<================================================================================>->->
    Logging by leekslazylogger v3.0.1 by eartharoid (http://leeks.js.org/logger)
    My express server (Node v14.16.0 on 'Windows')
    Thursday, 11th March 2021, 19:05 PM (Europe/London) -->
    Time format: 'HH:mm:ss'
<-<-<================================================================================>->->


[19:07:51 | INFO] 200 GET /bw (0.03 ms)

    
<-<-<================================================================================>->->
    Logging by leekslazylogger v3.0.1 by eartharoid (http://leeks.js.org/logger)
    Spigot shitter 4000 is online (Node v14.16.0 on 'Windows')
    Thursday, 11th March 2021, 19:11 PM (Europe/London) -->
    Time format: 'HH:mm:ss'
<-<-<================================================================================>->->



    
<-<-<================================================================================>->->
    Logging by leekslazylogger v3.0.1 by eartharoid (http://leeks.js.org/logger)
    Spigot shitter 4000 is online (Node v14.16.0 on 'Windows')
    Thursday, 11th March 2021, 19:11 PM (Europe/London) -->
    Time format: 'HH:mm:ss'
<-<-<================================================================================>->->



    
<-<-<================================================================================>->->
    Logging by leekslazylogger v3.0.1 by eartharoid (http://leeks.js.org/logger)
    Spigot shitter 4000 is online (Node v14.16.0 on 'Windows')
    Thursday, 11th March 2021, 19:12 PM (Europe/London) -->
    Time format: 'HH:mm:ss'
<-<-<================================================================================>->->



    
<-<-<================================================================================>->->
    Logging by leekslazylogger v3.0.1 by eartharoid (http://leeks.js.org/logger)
    Spigot shitter 4000 is online (Node v14.16.0 on 'Windows')
    Thursday, 11th March 2021, 19:13 PM (Europe/London) -->
    Time format: 'HH:mm:ss'
<-<-<================================================================================>->->


[19:13:50 | INFO] 200 GET /bw (0.032 ms)

    
<-<-<================================================================================>->->
    Logging by leekslazylogger v3.0.1 by eartharoid (http://leeks.js.org/logger)
    Spigot shitter 4000 is online (Node v14.16.0 on 'Windows')
    Thursday, 11th March 2021, 19:14 PM (Europe/London) -->
    Time format: 'HH:mm:ss'
<-<-<================================================================================>->->


[19:14:28 | INFO] 200 GET /bw (0.027 ms)
